2014-05-17 00:08:30 Debug: Notice (8): Undefined variable: list in [C:\Program Files\xampp\htdocs\tesis\views\items\add.ctp, line 9654]
2014-05-17 00:29:55 Debug: Notice (8): Undefined variable: places in [C:\Program Files\xampp\htdocs\tesis\views\items\add.ctp, line 9656]
2014-05-17 00:29:55 Debug: Notice (8): Undefined variable: editors in [C:\Program Files\xampp\htdocs\tesis\views\items\add.ctp, line 9657]
2014-05-17 00:29:55 Debug: Notice (8): Undefined variable: years in [C:\Program Files\xampp\htdocs\tesis\views\items\add.ctp, line 9658]
2014-05-17 00:30:54 Debug: Notice (8): Undefined variable: places in [C:\Program Files\xampp\htdocs\tesis\views\items\add.ctp, line 9656]
2014-05-17 00:30:54 Debug: Notice (8): Undefined variable: editors in [C:\Program Files\xampp\htdocs\tesis\views\items\add.ctp, line 9657]
2014-05-17 00:30:54 Debug: Notice (8): Undefined variable: years in [C:\Program Files\xampp\htdocs\tesis\views\items\add.ctp, line 9658]
2014-05-17 00:57:28 Debug: Notice (8): Undefined index: a in [C:\Program Files\xampp\htdocs\tesis\controllers\items_controller.php, line 350]
2014-05-17 13:01:06 Debug: Notice (8): Undefined index: UserItems in [C:\Program Files\xampp\htdocs\tesis\views\magazines\author.ctp, line 203]
2014-05-17 13:11:41 Debug: Notice (8): Undefined index: UserItems in [C:\Program Files\xampp\htdocs\tesis\views\magazines\matter.ctp, line 202]
2014-05-18 18:01:09 Debug: Notice (8): Undefined variable: title in [C:\Program Files\xampp\htdocs\tesis\views\user_items\index.ctp, line 76]
2014-05-21 16:40:38 Debug: Notice (8): Undefined index: a in [C:\Program Files\xampp\htdocs\tesis\views\items\index.ctp, line 238]
2014-05-21 16:43:12 Debug: Notice (8): Undefined index: a in [C:\Program Files\xampp\htdocs\tesis\views\magazines\century.ctp, line 191]
2014-05-21 23:32:36 Debug: Notice (8): Undefined index: a in [C:\Program Files\xampp\htdocs\tesis\views\items\index.ctp, line 238]
2014-05-25 14:34:17 Debug: Notice (8): Undefined index: nombre in [C:\Program Files\xampp\htdocs\tesis\views\magazines\items.ctp, line 16]
2014-05-25 14:36:08 Debug: Notice (8): Undefined index: nombre in [C:\Program Files\xampp\htdocs\tesis\views\magazines\items.ctp, line 16]
2014-05-25 17:55:30 Debug: Notice (8): Undefined index: revistas in [C:\Program Files\xampp\htdocs\tesis\views\magazines\items.ctp, line 16]
2014-05-25 18:41:54 Debug: Notice (8): Undefined variable: conditions in [C:\Program Files\xampp\htdocs\tesis\controllers\magazines_controller.php, line 127]
2014-05-25 18:41:55 Debug: Notice (8): Undefined index: revistas in [C:\Program Files\xampp\htdocs\tesis\views\magazines\items.ctp, line 3]
2014-05-25 18:42:17 Debug: Notice (8): Undefined index: revistas in [C:\Program Files\xampp\htdocs\tesis\views\magazines\items.ctp, line 3]
2014-05-25 18:43:59 Debug: Notice (8): Undefined index: revistas in [C:\Program Files\xampp\htdocs\tesis\views\magazines\items.ctp, line 3]
2014-05-25 18:44:33 Debug: Notice (8): Undefined index: revistas in [C:\Program Files\xampp\htdocs\tesis\views\magazines\items.ctp, line 4]
2014-05-25 18:55:37 Debug: Notice (8): Array to string conversion in [C:\Program Files\xampp\htdocs\cakephp-1.3.17\cake\libs\model\datasources\dbo_source.php, line 2218]
2014-05-25 18:56:23 Debug: Notice (8): Array to string conversion in [C:\Program Files\xampp\htdocs\cakephp-1.3.17\cake\libs\model\datasources\dbo_source.php, line 2218]
2014-05-25 18:57:26 Debug: Notice (8): Array to string conversion in [C:\Program Files\xampp\htdocs\cakephp-1.3.17\cake\libs\model\datasources\dbo_source.php, line 2218]
2014-05-25 18:58:27 Debug: Notice (8): Array to string conversion in [C:\Program Files\xampp\htdocs\cakephp-1.3.17\cake\libs\model\datasources\dbo_source.php, line 2218]
2014-05-25 20:26:25 Debug: Notice (8): Undefined index: Item in [C:\Program Files\xampp\htdocs\tesis\controllers\magazines_controller.php, line 132]
2014-05-25 20:26:45 Debug: Notice (8): Undefined index: Item in [C:\Program Files\xampp\htdocs\tesis\controllers\magazines_controller.php, line 131]
2014-05-25 20:27:01 Debug: Notice (8): Undefined index: Item in [C:\Program Files\xampp\htdocs\tesis\controllers\magazines_controller.php, line 131]
2014-05-25 20:28:30 Debug: Notice (8): Undefined index: 245 in [C:\Program Files\xampp\htdocs\tesis\views\magazines\items.ctp, line 25]
2014-05-25 20:59:33 Debug: Notice (8): Undefined index: Item in [C:\Program Files\xampp\htdocs\tesis\views\magazines\items.ctp, line 25]
2014-05-25 21:00:33 Debug: Notice (8): Undefined index: 245 in [C:\Program Files\xampp\htdocs\tesis\controllers\magazines_controller.php, line 138]
2014-05-25 21:20:07 Debug: Notice (8): Undefined index: 245 in [C:\Program Files\xampp\htdocs\tesis\views\magazines\items.ctp, line 25]
2014-05-25 21:21:23 Debug: Notice (8): Undefined index: 245 in [C:\Program Files\xampp\htdocs\tesis\views\magazines\items.ctp, line 25]
2014-05-25 22:01:36 Debug: Notice (8): Undefined index: 245 in [C:\Program Files\xampp\htdocs\tesis\views\magazines\items.ctp, line 25]
2014-05-25 22:02:08 Debug: Notice (8): Undefined index: 245 in [C:\Program Files\xampp\htdocs\tesis\views\magazines\items.ctp, line 26]
2014-05-27 22:16:36 Debug: Notice (8): Undefined variable: result in [C:\Program Files\xampp\htdocs\tesis\controllers\magazines_controller.php, line 138]
2014-05-27 22:24:53 Debug: Notice (8): Undefined index: 245 in [C:\Program Files\xampp\htdocs\tesis\controllers\magazines_controller.php, line 139]
2014-05-27 22:39:28 Debug: Notice (8): Undefined variable: result in [C:\Program Files\xampp\htdocs\tesis\controllers\magazines_controller.php, line 130]
2014-05-27 23:26:39 Debug: Notice (8): Undefined index: 245 in [C:\Program Files\xampp\htdocs\tesis\controllers\magazines_controller.php, line 422]
2014-05-27 23:26:39 Debug: Notice (8): Undefined index: id in [C:\Program Files\xampp\htdocs\tesis\controllers\magazines_controller.php, line 423]
2014-05-27 23:26:47 Debug: Notice (8): Undefined index: 245 in [C:\Program Files\xampp\htdocs\tesis\controllers\magazines_controller.php, line 422]
2014-05-27 23:26:47 Debug: Notice (8): Undefined index: id in [C:\Program Files\xampp\htdocs\tesis\controllers\magazines_controller.php, line 423]
2014-05-27 23:27:14 Debug: Notice (8): Undefined index: 245 in [C:\Program Files\xampp\htdocs\tesis\controllers\magazines_controller.php, line 422]
2014-05-27 23:27:42 Debug: Notice (8): Undefined index: 245 in [C:\Program Files\xampp\htdocs\tesis\controllers\magazines_controller.php, line 422]
2014-05-27 23:30:16 Debug: Notice (8): Undefined index: id in [C:\Program Files\xampp\htdocs\tesis\controllers\magazines_controller.php, line 423]
2014-05-27 23:30:48 Debug: Notice (8): Undefined index: id in [C:\Program Files\xampp\htdocs\tesis\controllers\magazines_controller.php, line 423]
2014-06-04 19:37:22 Debug: Notice (8): Undefined offset: 0 in [C:\Program Files\xampp\htdocs\tesis\views\magazines\magazine.ctp, line 6]
2014-06-04 19:38:39 Debug: Notice (8): Undefined offset: 0 in [C:\Program Files\xampp\htdocs\tesis\views\magazines\magazine.ctp, line 8]
2014-06-04 19:39:55 Debug: Notice (8): Undefined offset: 0 in [C:\Program Files\xampp\htdocs\tesis\views\magazines\magazine.ctp, line 8]
2014-06-04 19:40:24 Debug: Notice (8): Undefined offset: 0 in [C:\Program Files\xampp\htdocs\tesis\views\magazines\magazine.ctp, line 8]
2014-06-04 19:44:02 Debug: Notice (8): Undefined offset: 0 in [C:\Program Files\xampp\htdocs\tesis\views\magazines\magazine.ctp, line 8]
2014-06-04 19:44:31 Debug: Notice (8): Undefined offset: 0 in [C:\Program Files\xampp\htdocs\tesis\views\magazines\magazine.ctp, line 8]
2014-06-04 19:44:50 Debug: Notice (8): Undefined offset: 0 in [C:\Program Files\xampp\htdocs\tesis\views\magazines\magazine.ctp, line 8]
2014-06-04 19:45:35 Debug: Notice (8): Undefined offset: 0 in [C:\Program Files\xampp\htdocs\tesis\views\magazines\magazine.ctp, line 7]
2014-06-04 19:45:44 Debug: Notice (8): Undefined offset: 0 in [C:\Program Files\xampp\htdocs\tesis\views\magazines\magazine.ctp, line 7]
2014-06-04 19:47:33 Debug: Notice (8): Undefined offset: 0 in [C:\Program Files\xampp\htdocs\tesis\views\magazines\magazine.ctp, line 6]
2014-06-07 13:09:03 Debug: Notice (8): Undefined variable: magazine in [C:\Program Files\xampp\htdocs\tesis\views\magazines\magazine.ctp, line 1]
2014-06-07 13:09:34 Debug: Notice (8): Undefined variable: magazine in [C:\Program Files\xampp\htdocs\tesis\views\magazines\magazine.ctp, line 1]
2014-06-07 13:09:55 Debug: Notice (8): Undefined variable: magazine in [C:\Program Files\xampp\htdocs\tesis\views\magazines\magazine.ctp, line 1]
2014-06-07 13:14:16 Debug: Notice (8): Undefined variable: magazine in [C:\Program Files\xampp\htdocs\tesis\views\magazines\magazine.ctp, line 1]
2014-06-07 13:18:45 Debug: Notice (8): Undefined variable: magazine in [C:\Program Files\xampp\htdocs\tesis\views\magazines\magazine.ctp, line 1]
2014-06-07 13:19:22 Debug: Notice (8): Undefined variable: magazine in [C:\Program Files\xampp\htdocs\tesis\views\magazines\magazine.ctp, line 1]
2014-06-07 13:19:35 Debug: Notice (8): Undefined variable: magazine in [C:\Program Files\xampp\htdocs\tesis\views\magazines\magazine.ctp, line 1]
2014-06-07 13:22:51 Debug: Notice (8): Undefined index: Item in [C:\Program Files\xampp\htdocs\tesis\views\magazines\magazine.ctp, line 1]
2014-06-07 13:28:29 Debug: Notice (8): Undefined index: 245 in [C:\Program Files\xampp\htdocs\tesis\views\magazines\magazine.ctp, line 21]
2014-06-07 14:08:53 Debug: Notice (8): Undefined index: a in [C:\Program Files\xampp\htdocs\tesis\views\magazines\magazine.ctp, line 30]
2014-06-08 18:23:40 Debug: Notice (8): Undefined index: 362 in [C:\Program Files\xampp\htdocs\tesis\controllers\magazines_controller.php, line 426]
2014-06-08 20:08:57 Debug: Notice (8): Undefined index: 362 in [C:\Program Files\xampp\htdocs\tesis\controllers\magazines_controller.php, line 426]
2014-06-08 20:09:38 Debug: Notice (8): Undefined index: 362 in [C:\Program Files\xampp\htdocs\tesis\controllers\magazines_controller.php, line 426]
2014-06-08 20:09:52 Debug: Notice (8): Undefined index: 362 in [C:\Program Files\xampp\htdocs\tesis\controllers\magazines_controller.php, line 426]
2014-06-08 20:11:35 Debug: Notice (8): Undefined variable: years in [C:\Program Files\xampp\htdocs\tesis\controllers\magazines_controller.php, line 434]
2014-06-08 20:11:49 Debug: Notice (8): Undefined variable: years in [C:\Program Files\xampp\htdocs\tesis\controllers\magazines_controller.php, line 435]
2014-06-08 22:28:18 Debug: Notice (8): Undefined index: 362 in [C:\Program Files\xampp\htdocs\tesis\controllers\magazines_controller.php, line 426]
2014-06-08 22:35:00 Debug: Notice (8): Undefined index: a in [C:\Program Files\xampp\htdocs\tesis\views\magazines\magazine.ctp, line 31]
2014-06-08 22:35:00 Debug: Notice (8): Undefined offset: 1 in [C:\Program Files\xampp\htdocs\tesis\views\magazines\magazine.ctp, line 34]
2014-06-08 22:35:00 Debug: Notice (8): Undefined offset: 1 in [C:\Program Files\xampp\htdocs\tesis\views\magazines\magazine.ctp, line 36]
