2014-05-25 14:34:17 Warning: Warning (2): Invalid argument supplied for foreach() in [C:\Program Files\xampp\htdocs\tesis\views\magazines\items.ctp, line 16]
2014-05-25 14:36:08 Warning: Warning (2): Invalid argument supplied for foreach() in [C:\Program Files\xampp\htdocs\tesis\views\magazines\items.ctp, line 16]
2014-05-25 17:55:30 Warning: Warning (2): Invalid argument supplied for foreach() in [C:\Program Files\xampp\htdocs\tesis\views\magazines\items.ctp, line 16]
2014-05-25 18:41:55 Warning: Warning (2): Invalid argument supplied for foreach() in [C:\Program Files\xampp\htdocs\tesis\views\magazines\items.ctp, line 3]
2014-05-25 18:42:17 Warning: Warning (2): Invalid argument supplied for foreach() in [C:\Program Files\xampp\htdocs\tesis\views\magazines\items.ctp, line 3]
2014-05-25 18:42:41 Warning: Warning (512): <span style="color:Red;text-align:left"><b>SQL Error:</b> 1064: You have an error in your SQL syntax; check the manual that corresponds to your MySQL server version for the right syntax to use near '= ''' at line 1</span> in [C:\Program Files\xampp\htdocs\cakephp-1.3.17\cake\libs\model\datasources\dbo_source.php, line 684]
2014-05-25 18:42:42 Warning: Warning (512): <span style="color:Red;text-align:left"><b>SQL Error:</b> 1064: You have an error in your SQL syntax; check the manual that corresponds to your MySQL server version for the right syntax to use near '= ''    LIMIT 20' at line 1</span> in [C:\Program Files\xampp\htdocs\cakephp-1.3.17\cake\libs\model\datasources\dbo_source.php, line 684]
2014-05-25 18:43:59 Warning: Warning (2): Invalid argument supplied for foreach() in [C:\Program Files\xampp\htdocs\tesis\views\magazines\items.ctp, line 3]
2014-05-25 18:44:33 Warning: Warning (2): Invalid argument supplied for foreach() in [C:\Program Files\xampp\htdocs\tesis\views\magazines\items.ctp, line 4]
2014-05-25 18:55:37 Warning: Warning (512): <span style="color:Red;text-align:left"><b>SQL Error:</b> 1054: Unknown column 'Item' in 'where clause'</span> in [C:\Program Files\xampp\htdocs\cakephp-1.3.17\cake\libs\model\datasources\dbo_source.php, line 684]
2014-05-25 18:56:23 Warning: Warning (512): <span style="color:Red;text-align:left"><b>SQL Error:</b> 1054: Unknown column 'Item' in 'where clause'</span> in [C:\Program Files\xampp\htdocs\cakephp-1.3.17\cake\libs\model\datasources\dbo_source.php, line 684]
2014-05-25 18:57:27 Warning: Warning (512): <span style="color:Red;text-align:left"><b>SQL Error:</b> 1054: Unknown column 'Item' in 'where clause'</span> in [C:\Program Files\xampp\htdocs\cakephp-1.3.17\cake\libs\model\datasources\dbo_source.php, line 684]
2014-05-25 18:58:27 Warning: Warning (512): <span style="color:Red;text-align:left"><b>SQL Error:</b> 1054: Unknown column 'Item' in 'where clause'</span> in [C:\Program Files\xampp\htdocs\cakephp-1.3.17\cake\libs\model\datasources\dbo_source.php, line 684]
2014-05-25 20:26:45 Warning: Warning (2): array_unique() expects parameter 1 to be array, null given in [C:\Program Files\xampp\htdocs\tesis\controllers\magazines_controller.php, line 131]
2014-05-25 20:27:01 Warning: Warning (2): array_unique() expects parameter 1 to be array, null given in [C:\Program Files\xampp\htdocs\tesis\controllers\magazines_controller.php, line 131]
2014-05-25 21:00:33 Warning: Warning (2): array_unique() expects parameter 1 to be array, null given in [C:\Program Files\xampp\htdocs\tesis\controllers\magazines_controller.php, line 138]
2014-05-25 21:20:07 Warning: Warning (512): <span style="color:Red;text-align:left"><b>SQL Error:</b> 1054: Unknown column '245' in 'group statement'</span> in [C:\Program Files\xampp\htdocs\cakephp-1.3.17\cake\libs\model\datasources\dbo_source.php, line 684]
2014-05-27 22:37:34 Warning: Warning (2): Invalid argument supplied for foreach() in [C:\Program Files\xampp\htdocs\tesis\views\magazines\view.ctp, line 229]
2014-05-27 22:37:40 Warning: Warning (2): Invalid argument supplied for foreach() in [C:\Program Files\xampp\htdocs\tesis\views\magazines\view.ctp, line 229]
2014-05-27 22:39:28 Warning: Warning (2): array_unique() expects parameter 1 to be array, null given in [C:\Program Files\xampp\htdocs\tesis\controllers\magazines_controller.php, line 130]
2014-05-27 22:39:28 Warning: Warning (2): asort() expects parameter 1 to be array, null given in [C:\Program Files\xampp\htdocs\tesis\controllers\magazines_controller.php, line 131]
2014-05-27 22:42:14 Warning: Warning (2): array_unique() expects parameter 1 to be array, string given in [C:\Program Files\xampp\htdocs\tesis\controllers\magazines_controller.php, line 133]
2014-05-27 22:42:14 Warning: Warning (2): asort() expects parameter 1 to be array, null given in [C:\Program Files\xampp\htdocs\tesis\controllers\magazines_controller.php, line 134]
2014-05-27 23:23:02 Warning: Warning (512): <span style="color:Red;text-align:left"><b>SQL Error:</b> 1064: You have an error in your SQL syntax; check the manual that corresponds to your MySQL server version for the right syntax to use near '% 'Arte del canto - llano y órgano o Prontuario músico'' at line 1</span> in [C:\Program Files\xampp\htdocs\cakephp-1.3.17\cake\libs\model\datasources\dbo_source.php, line 684]
2014-06-07 13:22:51 Warning: Warning (2): explode() expects parameter 2 to be string, array given in [C:\Program Files\xampp\htdocs\tesis\controllers\magazines_controller.php, line 40]
2014-06-07 13:22:51 Warning: Warning (2): Invalid argument supplied for foreach() in [C:\Program Files\xampp\htdocs\tesis\controllers\magazines_controller.php, line 45]
2014-06-07 13:27:44 Warning: Warning (2): explode() expects parameter 2 to be string, array given in [C:\Program Files\xampp\htdocs\tesis\views\magazines\magazine.ctp, line 4]
2014-06-07 13:27:44 Warning: Warning (2): Invalid argument supplied for foreach() in [C:\Program Files\xampp\htdocs\tesis\views\magazines\magazine.ctp, line 9]
2014-06-07 13:28:04 Warning: Warning (2): explode() expects parameter 2 to be string, array given in [C:\Program Files\xampp\htdocs\tesis\views\magazines\magazine.ctp, line 4]
2014-06-07 13:28:04 Warning: Warning (2): Invalid argument supplied for foreach() in [C:\Program Files\xampp\htdocs\tesis\views\magazines\magazine.ctp, line 9]
2014-06-07 13:28:15 Warning: Warning (2): explode() expects parameter 2 to be string, array given in [C:\Program Files\xampp\htdocs\tesis\views\magazines\magazine.ctp, line 4]
2014-06-07 13:28:15 Warning: Warning (2): Invalid argument supplied for foreach() in [C:\Program Files\xampp\htdocs\tesis\views\magazines\magazine.ctp, line 9]
2014-06-07 14:06:37 Warning: Warning (2): explode() expects parameter 2 to be string, array given in [C:\Program Files\xampp\htdocs\tesis\views\magazines\magazine.ctp, line 23]
2014-06-08 17:08:21 Warning: Warning (2): explode() expects parameter 2 to be string, array given in [C:\Program Files\xampp\htdocs\tesis\views\magazines\magazine.ctp, line 27]
2014-06-08 17:08:43 Warning: Warning (2): explode() expects parameter 2 to be string, array given in [C:\Program Files\xampp\htdocs\tesis\views\magazines\magazine.ctp, line 27]
2014-06-08 17:08:57 Warning: Warning (2): explode() expects parameter 2 to be string, array given in [C:\Program Files\xampp\htdocs\tesis\views\magazines\magazine.ctp, line 27]
